<?xml version="1.0" encoding="UTF-8"?>
<!-- Generated by org.testng.reporters.JUnitXMLReporter -->
<testsuite ignored="0" hostname="VISHAL" failures="0" tests="5" name="Admin Test" time="169.009" errors="0" timestamp="2025-03-22T09:18:27 IST">
  <testcase classname="TestComponets.AdminTabTest" name="CreateNewUserwithAdminRole" time="48.192"/>
  <testcase classname="TestComponets.AdminTabTest" name="CreateNewUserwithESSRole" time="27.242"/>
  <testcase classname="TestComponets.AdminTabTest" name="CreateNewUserwithAdminRoleAndUserStatusEnable" time="27.372"/>
  <testcase classname="TestComponets.AdminTabTest" name="CreateNewUserwithESSRoleAndUserStatusEnable" time="29.33"/>
  <testcase classname="TestComponets.AdminTabTest" name="CreateNewJobTitle" time="29.953"/>
</testsuite> <!-- Admin Test -->
