<?xml version="1.0" encoding="UTF-8"?>
<!-- Generated by org.testng.reporters.JUnitXMLReporter -->
<testsuite ignored="3" hostname="VISHAL" failures="0" tests="7" name="Test" time="141.135" errors="0" timestamp="2025-03-15T16:52:11 IST">
  <testcase classname="TestComponets.MenuTest" name="@BeforeMethod login" time="5.111">
    <failure type="org.openqa.selenium.NoSuchElementException" message="no such element: Unable to locate element: {&amp;quot;method&amp;quot;:&amp;quot;xpath&amp;quot;,&amp;quot;selector&amp;quot;:&amp;quot;//p[@class=&amp;apos;oxd-text oxd-text--p&amp;apos;][1]&amp;quot;}
  (Session info: chrome=134.0.6998.89)
For documentation on this error, please visit: https://www.selenium.dev/documentation/webdriver/troubleshooting/errors#no-such-element-exception
Build info: version: &amp;apos;4.26.0&amp;apos;, revision: &amp;apos;8ccf0219d7&amp;apos;
System info: os.name: &amp;apos;Windows 10&amp;apos;, os.arch: &amp;apos;amd64&amp;apos;, os.version: &amp;apos;10.0&amp;apos;, java.version: &amp;apos;23.0.1&amp;apos;
Driver info: org.openqa.selenium.chrome.ChromeDriver
Command: [7762e8d7f89789d856dd9b7a4e134b4b, findElement {using=xpath, value=//p[@class=&amp;apos;oxd-text oxd-text--p&amp;apos;][1]}]
Capabilities {acceptInsecureCerts: false, browserName: chrome, browserVersion: 134.0.6998.89, chrome: {chromedriverVersion: 134.0.6998.88 (7e3d5c978c6d..., userDataDir: C:\Users\CG-DTE\AppData\Loc...}, fedcm:accounts: true, goog:chromeOptions: {debuggerAddress: localhost:51678}, networkConnectionEnabled: false, pageLoadStrategy: normal, platformName: windows, proxy: Proxy(), se:cdp: ws://localhost:51678/devtoo..., se:cdpVersion: 134.0.6998.89, setWindowRect: true, strictFileInteractability: false, timeouts: {implicit: 0, pageLoad: 300000, script: 30000}, unhandledPromptBehavior: dismiss and notify, webauthn:extension:credBlob: true, webauthn:extension:largeBlob: true, webauthn:extension:minPinLength: true, webauthn:extension:prf: true, webauthn:virtualAuthenticators: true}
Session ID: 7762e8d7f89789d856dd9b7a4e134b4b">
      <![CDATA[org.openqa.selenium.NoSuchElementException: no such element: Unable to locate element: {"method":"xpath","selector":"//p[@class='oxd-text oxd-text--p'][1]"}
  (Session info: chrome=134.0.6998.89)
For documentation on this error, please visit: https://www.selenium.dev/documentation/webdriver/troubleshooting/errors#no-such-element-exception
Build info: version: '4.26.0', revision: '8ccf0219d7'
System info: os.name: 'Windows 10', os.arch: 'amd64', os.version: '10.0', java.version: '23.0.1'
Driver info: org.openqa.selenium.chrome.ChromeDriver
Command: [7762e8d7f89789d856dd9b7a4e134b4b, findElement {using=xpath, value=//p[@class='oxd-text oxd-text--p'][1]}]
Capabilities {acceptInsecureCerts: false, browserName: chrome, browserVersion: 134.0.6998.89, chrome: {chromedriverVersion: 134.0.6998.88 (7e3d5c978c6d..., userDataDir: C:\Users\CG-DTE\AppData\Loc...}, fedcm:accounts: true, goog:chromeOptions: {debuggerAddress: localhost:51678}, networkConnectionEnabled: false, pageLoadStrategy: normal, platformName: windows, proxy: Proxy(), se:cdp: ws://localhost:51678/devtoo..., se:cdpVersion: 134.0.6998.89, setWindowRect: true, strictFileInteractability: false, timeouts: {implicit: 0, pageLoad: 300000, script: 30000}, unhandledPromptBehavior: dismiss and notify, webauthn:extension:credBlob: true, webauthn:extension:largeBlob: true, webauthn:extension:minPinLength: true, webauthn:extension:prf: true, webauthn:virtualAuthenticators: true}
Session ID: 7762e8d7f89789d856dd9b7a4e134b4b
at org.openqa.selenium.remote.ErrorCodec.decode(ErrorCodec.java:167)
at org.openqa.selenium.remote.codec.w3c.W3CHttpResponseCodec.decode(W3CHttpResponseCodec.java:138)
at org.openqa.selenium.remote.codec.w3c.W3CHttpResponseCodec.decode(W3CHttpResponseCodec.java:50)
at org.openqa.selenium.remote.HttpCommandExecutor.execute(HttpCommandExecutor.java:190)
at org.openqa.selenium.remote.service.DriverCommandExecutor.invokeExecute(DriverCommandExecutor.java:216)
at org.openqa.selenium.remote.service.DriverCommandExecutor.execute(DriverCommandExecutor.java:174)
at org.openqa.selenium.remote.RemoteWebDriver.execute(RemoteWebDriver.java:545)
at org.openqa.selenium.remote.ElementLocation$ElementFinder$2.findElement(ElementLocation.java:165)
at org.openqa.selenium.remote.ElementLocation.findElement(ElementLocation.java:59)
at org.openqa.selenium.remote.RemoteWebDriver.findElement(RemoteWebDriver.java:368)
at org.openqa.selenium.remote.RemoteWebDriver.findElement(RemoteWebDriver.java:362)
at OrgScreens.Login.username(Login.java:37)
at TestComponets.MenuTest.login(MenuTest.java:16)
at java.base/java.util.ArrayList.forEach(ArrayList.java:1597)
... Removed 32 stack frames]]>
    </failure>
  </testcase> <!-- @BeforeMethod login -->
  <testcase classname="TestComponets.MenuTest" name="@AfterMethod logoff" time="-1.742037731265E9">
    <skipped/>
  </testcase> <!-- @AfterMethod logoff -->
  <testcase classname="TestComponets.MenuTest" name="@BeforeMethod login" time="-1.742037731278E9">
    <skipped/>
  </testcase> <!-- @BeforeMethod login -->
  <testcase classname="TestComponets.MenuTest" name="@AfterMethod logoff" time="-1.742037731462E9">
    <skipped/>
  </testcase> <!-- @AfterMethod logoff -->
  <testcase classname="TestComponets.AdminTabTest" name="CreateNewUserwithAdminRole" time="35.621"/>
  <testcase classname="TestComponets.AdminTabTest" name="CreateNewUserwithESSRole" time="25.845"/>
  <testcase classname="TestComponets.AdminTabTest" name="CreateNewUserwithAdminRoleAndUserStatusEnable" time="25.899"/>
  <testcase classname="TestComponets.AdminTabTest" name="CreateNewUserwithESSRoleAndUserStatusEnable" time="26.419"/>
  <testcase classname="TestComponets.AdminTabTest" name="CreateNewJobTitle" time="14.154"/>
  <testcase classname="TestComponets.MenuTest" name="hitAdmin" time="0.0">
    <skipped/>
  </testcase> <!-- hitAdmin -->
  <testcase classname="TestComponets.MenuTest" name="hitPerformance" time="0.0">
    <skipped/>
  </testcase> <!-- hitPerformance -->
  <testcase classname="TestComponets.BaseTest" name="@BeforeSuite initializedriver" time="0.0">
    <ignored/>
  </testcase> <!-- @BeforeSuite initializedriver -->
  <testcase classname="TestComponets.BaseTest" name="@AfterSuite closebroswer" time="0.0">
    <ignored/>
  </testcase> <!-- @AfterSuite closebroswer -->
  <testcase classname="TestComponets.BaseTest" name="@BeforeTest launchApplication" time="0.0">
    <ignored/>
  </testcase> <!-- @BeforeTest launchApplication -->
</testsuite> <!-- Test -->
