<?xml version="1.0" encoding="UTF-8"?>
<!-- Generated by org.testng.reporters.JUnitXMLReporter -->
<testsuite ignored="0" hostname="VISHAL" failures="0" tests="4" name="Test" time="131.745" errors="0" timestamp="2025-03-07T16:24:02 IST">
  <testcase classname="TestComponets.AdminTabTest" name="CreateNewUserwithAdminRole" time="41.007"/>
  <testcase classname="TestComponets.AdminTabTest" name="CreateNewUserwithESSRole" time="26.419"/>
  <testcase classname="TestComponets.AdminTabTest" name="CreateNewUserwithAdminRoleAndUserStatusEnable" time="26.458"/>
  <testcase classname="TestComponets.AdminTabTest" name="CreateNewUserwithESSRoleAndUserStatusEnable" time="27.005"/>
</testsuite> <!-- Test -->
