<?xml version="1.0" encoding="UTF-8"?>
<testng-results ignored="0" total="4" passed="4" failed="0" skipped="0">
  <reporter-output>
  </reporter-output>
  <suite started-at="2025-03-07T16:21:51 IST" name="Suite" finished-at="2025-03-07T16:24:02 IST" duration-ms="131745">
    <groups>
    </groups>
    <test started-at="2025-03-07T16:21:51 IST" name="Test" finished-at="2025-03-07T16:24:02 IST" duration-ms="131745">
      <class name="TestComponets.AdminTabTest">
        <test-method is-config="true" signature="initializedriver()[pri:0, instance:TestComponets.AdminTabTest@5d0bf09b]" started-at="2025-03-07T16:21:41 IST" name="initializedriver" finished-at="2025-03-07T16:21:51 IST" duration-ms="9353" status="PASS">
          <reporter-output>
          </reporter-output>
        </test-method> <!-- initializedriver -->
        <test-method is-config="true" signature="launchApplication()[pri:0, instance:TestComponets.AdminTabTest@5d0bf09b]" started-at="2025-03-07T16:21:51 IST" name="launchApplication" finished-at="2025-03-07T16:22:00 IST" duration-ms="9635" status="PASS">
          <reporter-output>
          </reporter-output>
        </test-method> <!-- launchApplication -->
        <test-method is-config="true" signature="createObject()[pri:0, instance:TestComponets.AdminTabTest@5d0bf09b]" started-at="2025-03-07T16:22:00 IST" name="createObject" finished-at="2025-03-07T16:22:01 IST" duration-ms="330" status="PASS">
          <reporter-output>
          </reporter-output>
        </test-method> <!-- createObject -->
        <test-method signature="CreateNewUserwithAdminRole()[pri:1, instance:TestComponets.AdminTabTest@5d0bf09b]" started-at="2025-03-07T16:22:01 IST" name="CreateNewUserwithAdminRole" finished-at="2025-03-07T16:22:42 IST" duration-ms="41007" status="PASS">
          <reporter-output>
          </reporter-output>
        </test-method> <!-- CreateNewUserwithAdminRole -->
        <test-method signature="CreateNewUserwithESSRole()[pri:0, instance:TestComponets.AdminTabTest@5d0bf09b]" started-at="2025-03-07T16:22:42 IST" name="CreateNewUserwithESSRole" finished-at="2025-03-07T16:23:08 IST" depends-on-methods="TestComponets.AdminTabTest.CreateNewUserwithAdminRole" duration-ms="26419" status="PASS">
          <reporter-output>
          </reporter-output>
        </test-method> <!-- CreateNewUserwithESSRole -->
        <test-method signature="CreateNewUserwithAdminRoleAndUserStatusEnable()[pri:0, instance:TestComponets.AdminTabTest@5d0bf09b]" started-at="2025-03-07T16:23:09 IST" name="CreateNewUserwithAdminRoleAndUserStatusEnable" finished-at="2025-03-07T16:23:35 IST" depends-on-methods="TestComponets.AdminTabTest.CreateNewUserwithESSRole" duration-ms="26458" status="PASS">
          <reporter-output>
          </reporter-output>
        </test-method> <!-- CreateNewUserwithAdminRoleAndUserStatusEnable -->
        <test-method signature="CreateNewUserwithESSRoleAndUserStatusEnable()[pri:0, instance:TestComponets.AdminTabTest@5d0bf09b]" started-at="2025-03-07T16:23:35 IST" name="CreateNewUserwithESSRoleAndUserStatusEnable" finished-at="2025-03-07T16:24:02 IST" depends-on-methods="TestComponets.AdminTabTest.CreateNewUserwithAdminRoleAndUserStatusEnable" duration-ms="27005" status="PASS">
          <reporter-output>
          </reporter-output>
        </test-method> <!-- CreateNewUserwithESSRoleAndUserStatusEnable -->
        <test-method is-config="true" signature="closebroswer()[pri:0, instance:TestComponets.AdminTabTest@5d0bf09b]" started-at="2025-03-07T16:24:04 IST" name="closebroswer" finished-at="2025-03-07T16:24:06 IST" duration-ms="2013" status="PASS">
          <reporter-output>
          </reporter-output>
        </test-method> <!-- closebroswer -->
      </class> <!-- TestComponets.AdminTabTest -->
    </test> <!-- Test -->
  </suite> <!-- Suite -->
</testng-results>
