<?xml version="1.0" encoding="UTF-8"?>
<testng-results ignored="0" total="3" passed="3" failed="0" skipped="0">
  <reporter-output>
  </reporter-output>
  <suite started-at="2025-04-13T11:38:03 IST" name="Default suite" finished-at="2025-04-13T11:42:07 IST" duration-ms="244725">
    <groups>
    </groups>
    <test started-at="2025-04-13T11:38:03 IST" name="Default test" finished-at="2025-04-13T11:42:07 IST" duration-ms="244725">
      <class name="TestComponets.AdminJob_JobTitles">
        <test-method is-config="true" signature="initializedriver()[pri:0, instance:TestComponets.AdminJob_JobTitles@74ea2410]" started-at="2025-04-13T11:37:15 IST" name="initializedriver" finished-at="2025-04-13T11:38:03 IST" duration-ms="47483" status="PASS">
          <reporter-output>
          </reporter-output>
        </test-method> <!-- initializedriver -->
        <test-method is-config="true" signature="launchApplication()[pri:0, instance:TestComponets.AdminJob_JobTitles@74ea2410]" started-at="2025-04-13T11:38:03 IST" name="launchApplication" finished-at="2025-04-13T11:38:06 IST" duration-ms="3727" status="PASS">
          <reporter-output>
          </reporter-output>
        </test-method> <!-- launchApplication -->
        <test-method is-config="true" signature="createObject()[pri:0, instance:TestComponets.AdminJob_JobTitles@74ea2410]" started-at="2025-04-13T11:38:07 IST" name="createObject" finished-at="2025-04-13T11:38:09 IST" duration-ms="1890" status="PASS">
          <reporter-output>
          </reporter-output>
        </test-method> <!-- createObject -->
        <test-method signature="CreateNewJobTitle()[pri:0, instance:TestComponets.AdminJob_JobTitles@74ea2410]" started-at="2025-04-13T11:38:09 IST" name="CreateNewJobTitle" finished-at="2025-04-13T11:41:05 IST" duration-ms="176499" status="PASS">
          <reporter-output>
          </reporter-output>
        </test-method> <!-- CreateNewJobTitle -->
        <test-method signature="PayGrades()[pri:0, instance:TestComponets.AdminJob_JobTitles@74ea2410]" started-at="2025-04-13T11:41:06 IST" name="PayGrades" finished-at="2025-04-13T11:41:50 IST" depends-on-methods="TestComponets.AdminJob_JobTitles.CreateNewJobTitle" duration-ms="44683" status="PASS">
          <reporter-output>
          </reporter-output>
        </test-method> <!-- PayGrades -->
        <test-method signature="EmpStatus()[pri:0, instance:TestComponets.AdminJob_JobTitles@74ea2410]" started-at="2025-04-13T11:41:50 IST" name="EmpStatus" finished-at="2025-04-13T11:42:07 IST" depends-on-methods="TestComponets.AdminJob_JobTitles.PayGrades" duration-ms="17099" status="PASS">
          <reporter-output>
          </reporter-output>
        </test-method> <!-- EmpStatus -->
        <test-method is-config="true" signature="closebroswer()[pri:0, instance:TestComponets.AdminJob_JobTitles@74ea2410]" started-at="2025-04-13T11:42:08 IST" name="closebroswer" finished-at="2025-04-13T11:42:18 IST" duration-ms="10447" status="PASS">
          <reporter-output>
          </reporter-output>
        </test-method> <!-- closebroswer -->
      </class> <!-- TestComponets.AdminJob_JobTitles -->
    </test> <!-- Default test -->
  </suite> <!-- Default suite -->
</testng-results>
