<?xml version="1.0" encoding="UTF-8"?>
<!-- Generated by org.testng.reporters.JUnitReportReporter -->
<testsuite hostname="VISHAL" failures="0" tests="4" name="TestComponets.AdminTabTest" time="113.436" errors="0" timestamp="2025-03-07T15:37:51 IST" skipped="0">
  <testcase classname="TestComponets.AdminTabTest" name="CreateNewUserwithESSRole" time="26.498"/>
  <system-out/>
  <testcase classname="TestComponets.AdminTabTest" name="CreateNewUserwithAdminRoleAndUserStatusEnable" time="26.521"/>
  <system-out/>
  <testcase classname="TestComponets.AdminTabTest" name="CreateNewUserwithESSRoleAndUserStatusEnable" time="26.565"/>
  <system-out/>
  <testcase classname="TestComponets.AdminTabTest" name="CreateNewUserwithAdminRole" time="33.852"/>
  <system-out/>
</testsuite> <!-- TestComponets.AdminTabTest -->
