<?xml version="1.0" encoding="UTF-8"?>
<!-- Generated by org.testng.reporters.JUnitReportReporter -->
<testsuite hostname="VISHAL" failures="0" tests="2" name="TestComponets.MenuTest" time="26.741" errors="0" timestamp="2025-03-07T15:37:51 IST" skipped="0">
  <testcase classname="TestComponets.MenuTest" name="hitPerformance" time="13.582"/>
  <system-out/>
  <testcase classname="TestComponets.MenuTest" name="hitAdmin" time="13.159"/>
  <system-out/>
</testsuite> <!-- TestComponets.MenuTest -->
