<?xml version="1.0" encoding="UTF-8"?>
<!-- Generated by org.testng.reporters.JUnitReportReporter -->
<testsuite hostname="VISHAL" failures="0" tests="3" name="TestComponets.LoginTest" time="27.462" errors="0" timestamp="2025-03-07T15:37:51 IST" skipped="0">
  <testcase classname="TestComponets.LoginTest" name="LoginWithCorrectUsernamPassword" time="17.747"/>
  <system-out/>
  <testcase classname="TestComponets.LoginTest" name="LoginWithinCorrectUsernameAndCorrectPassword" time="1.661"/>
  <system-out/>
  <testcase classname="TestComponets.LoginTest" name="LoginWithinCorrectUsernamePassword" time="8.054"/>
  <system-out/>
</testsuite> <!-- TestComponets.LoginTest -->
