<?xml version="1.0" encoding="UTF-8"?>
<!-- Generated by org.testng.reporters.JUnitXMLReporter -->
<testsuite ignored="6" hostname="VISHAL" failures="0" tests="9" name="Test" time="204.176" errors="0" timestamp="2025-03-07T15:37:45 IST">
  <testcase classname="TestComponets.LoginTest" name="LoginWithCorrectUsernamPassword" time="17.747"/>
  <testcase classname="TestComponets.LoginTest" name="LoginWithinCorrectUsernameAndCorrectPassword" time="1.661"/>
  <testcase classname="TestComponets.LoginTest" name="LoginWithinCorrectUsernamePassword" time="8.054"/>
  <testcase classname="TestComponets.MenuTest" name="hitAdmin" time="4.487"/>
  <testcase classname="TestComponets.MenuTest" name="hitPerformance" time="3.863"/>
  <testcase classname="TestComponets.AdminTabTest" name="CreateNewUserwithAdminRole" time="33.852"/>
  <testcase classname="TestComponets.AdminTabTest" name="CreateNewUserwithESSRole" time="26.498"/>
  <testcase classname="TestComponets.AdminTabTest" name="CreateNewUserwithAdminRoleAndUserStatusEnable" time="26.521"/>
  <testcase classname="TestComponets.AdminTabTest" name="CreateNewUserwithESSRoleAndUserStatusEnable" time="26.565"/>
  <testcase classname="TestComponets.BaseTest" name="@BeforeSuite initializedriver" time="0.0">
    <ignored/>
  </testcase> <!-- @BeforeSuite initializedriver -->
  <testcase classname="TestComponets.BaseTest" name="@BeforeSuite initializedriver" time="0.0">
    <ignored/>
  </testcase> <!-- @BeforeSuite initializedriver -->
  <testcase classname="TestComponets.BaseTest" name="@AfterSuite closebroswer" time="0.0">
    <ignored/>
  </testcase> <!-- @AfterSuite closebroswer -->
  <testcase classname="TestComponets.BaseTest" name="@AfterSuite closebroswer" time="0.0">
    <ignored/>
  </testcase> <!-- @AfterSuite closebroswer -->
  <testcase classname="TestComponets.BaseTest" name="@BeforeTest launchApplication" time="0.0">
    <ignored/>
  </testcase> <!-- @BeforeTest launchApplication -->
  <testcase classname="TestComponets.BaseTest" name="@BeforeTest launchApplication" time="0.0">
    <ignored/>
  </testcase> <!-- @BeforeTest launchApplication -->
</testsuite> <!-- Test -->
