<?xml version="1.0" encoding="UTF-8"?>
<!-- Generated by org.testng.reporters.JUnitXMLReporter -->
<testsuite ignored="0" hostname="VISHAL" failures="0" tests="3" name="Default test" time="244.725" errors="0" timestamp="2025-04-13T11:42:08 IST">
  <testcase classname="TestComponets.AdminJob_JobTitles" name="CreateNewJobTitle" time="176.499"/>
  <testcase classname="TestComponets.AdminJob_JobTitles" name="PayGrades" time="44.683"/>
  <testcase classname="TestComponets.AdminJob_JobTitles" name="EmpStatus" time="17.099"/>
</testsuite> <!-- Default test -->
