<?xml version="1.0" encoding="UTF-8"?>
<!-- Generated by org.testng.reporters.JUnitReportReporter -->
<testsuite hostname="VISHAL" failures="0" tests="3" name="TestComponets.AdminJob_JobTitles" time="238.281" errors="0" timestamp="2025-04-13T11:42:19 IST" skipped="0">
  <testcase classname="TestComponets.AdminJob_JobTitles" name="PayGrades" time="44.683"/>
  <system-out/>
  <testcase classname="TestComponets.AdminJob_JobTitles" name="CreateNewJobTitle" time="176.499"/>
  <system-out/>
  <testcase classname="TestComponets.AdminJob_JobTitles" name="EmpStatus" time="17.099"/>
  <system-out/>
</testsuite> <!-- TestComponets.AdminJob_JobTitles -->
