<?xml version="1.0" encoding="UTF-8"?>
<!-- Generated by org.testng.reporters.JUnitReportReporter -->
<testsuite hostname="VISHAL" failures="0" tests="2" name="TestComponets.MenuTest" time="9.985" errors="0" timestamp="2025-03-22T09:18:52 IST" skipped="0">
  <testcase classname="TestComponets.MenuTest" name="hitPerformance" time="3.659"/>
  <system-out/>
  <testcase classname="TestComponets.MenuTest" name="hitAdmin" time="6.326"/>
  <system-out/>
</testsuite> <!-- TestComponets.MenuTest -->
