<?xml version="1.0" encoding="UTF-8"?>
<!-- Generated by org.testng.reporters.JUnitReportReporter -->
<testsuite hostname="VISHAL" failures="0" tests="5" name="TestComponets.AdminTabTest" time="162.089" errors="0" timestamp="2025-03-22T09:18:52 IST" skipped="0">
  <testcase classname="TestComponets.AdminTabTest" name="CreateNewUserwithESSRoleAndUserStatusEnable" time="29.330"/>
  <system-out/>
  <testcase classname="TestComponets.AdminTabTest" name="CreateNewUserwithAdminRoleAndUserStatusEnable" time="27.372"/>
  <system-out/>
  <testcase classname="TestComponets.AdminTabTest" name="CreateNewUserwithESSRole" time="27.242"/>
  <system-out/>
  <testcase classname="TestComponets.AdminTabTest" name="CreateNewJobTitle" time="29.953"/>
  <system-out/>
  <testcase classname="TestComponets.AdminTabTest" name="CreateNewUserwithAdminRole" time="48.192"/>
  <system-out/>
</testsuite> <!-- TestComponets.AdminTabTest -->
