<?xml version="1.0" encoding="UTF-8"?>
<!-- Generated by org.testng.reporters.JUnitReportReporter -->
<testsuite hostname="VISHAL" failures="0" tests="4" name="TestComponets.AdminTabTest" time="120.889" errors="0" timestamp="2025-03-07T16:24:07 IST" skipped="0">
  <testcase classname="TestComponets.AdminTabTest" name="CreateNewUserwithESSRole" time="26.419"/>
  <system-out/>
  <testcase classname="TestComponets.AdminTabTest" name="CreateNewUserwithAdminRoleAndUserStatusEnable" time="26.458"/>
  <system-out/>
  <testcase classname="TestComponets.AdminTabTest" name="CreateNewUserwithESSRoleAndUserStatusEnable" time="27.005"/>
  <system-out/>
  <testcase classname="TestComponets.AdminTabTest" name="CreateNewUserwithAdminRole" time="41.007"/>
  <system-out/>
</testsuite> <!-- TestComponets.AdminTabTest -->
